# JRE version: OpenJDK Runtime Environment (11.0.11+9) (build 11.0.11+9-b60-7590822)
# Java VM: OpenJDK 64-Bit Server VM (11.0.11+9-b60-7590822, mixed mode, tiered, compressed oops, g1 gc, windows-amd64)
Heap:
 garbage-first heap   total 165888K, used 124264K [0x0000000080000000, 0x0000000100000000)
  region size 1024K, 43 young (44032K), 3 survivors (3072K)
 Metaspace       used 86313K, capacity 88343K, committed 88392K, reserved 1126400K
  class space    used 11186K, capacity 11955K, committed 11980K, reserved 1048576K
GC Heap History (20 events):
Event: 52.206 GC heap after
{Heap after GC invocations=64 (full 0):
 garbage-first heap   total 114688K, used 64791K [0x0000000080000000, 0x0000000100000000)
  region size 1024K, 2 young (2048K), 2 survivors (2048K)
 Metaspace       used 69022K, capacity 70577K, committed 70728K, reserved 1110016K
  class space    used 8728K, capacity 9313K, committed 9420K, reserved 1048576K
}
Event: 53.635 GC heap before
{Heap before GC invocations=64 (full 0):
 garbage-first heap   total 114688K, used 84247K [0x0000000080000000, 0x0000000100000000)
  region size 1024K, 21 young (21504K), 2 survivors (2048K)
 Metaspace       used 71450K, capacity 73133K, committed 73288K, reserved 1112064K
  class space    used 9193K, capacity 9803K, committed 9932K, reserved 1048576K
}
Event: 53.650 GC heap after
{Heap after GC invocations=65 (full 0):
 garbage-first heap   total 114688K, used 65929K [0x0000000080000000, 0x0000000100000000)
  region size 1024K, 3 young (3072K), 3 survivors (3072K)
 Metaspace       used 71450K, capacity 73133K, committed 73288K, reserved 1112064K
  class space    used 9193K, capacity 9803K, committed 9932K, reserved 1048576K
}
Event: 55.755 GC heap before
{Heap before GC invocations=66 (full 0):
 garbage-first heap   total 114688K, used 85385K [0x0000000080000000, 0x0000000100000000)
  region size 1024K, 22 young (22528K), 3 survivors (3072K)
 Metaspace       used 73289K, capacity 74960K, committed 75208K, reserved 1114112K
  class space    used 9445K, capacity 10048K, committed 10060K, reserved 1048576K
}
Event: 55.766 GC heap after
{Heap after GC invocations=67 (full 0):
 garbage-first heap   total 114688K, used 67257K [0x0000000080000000, 0x0000000100000000)
  region size 1024K, 3 young (3072K), 3 survivors (3072K)
 Metaspace       used 73289K, capacity 74960K, committed 75208K, reserved 1114112K
  class space    used 9445K, capacity 10048K, committed 10060K, reserved 1048576K
}
Event: 56.441 GC heap before
{Heap before GC invocations=67 (full 0):
 garbage-first heap   total 114688K, used 87737K [0x0000000080000000, 0x0000000100000000)
  region size 1024K, 23 young (23552K), 3 survivors (3072K)
 Metaspace       used 74193K, capacity 75900K, committed 76104K, reserved 1116160K
  class space    used 9567K, capacity 10166K, committed 10188K, reserved 1048576K
}
Event: 56.453 GC heap after
{Heap after GC invocations=68 (full 0):
 garbage-first heap   total 114688K, used 68807K [0x0000000080000000, 0x0000000100000000)
  region size 1024K, 3 young (3072K), 3 survivors (3072K)
 Metaspace       used 74193K, capacity 75900K, committed 76104K, reserved 1116160K
  class space    used 9567K, capacity 10166K, committed 10188K, reserved 1048576K
}
Event: 57.434 GC heap before
{Heap before GC invocations=69 (full 0):
 garbage-first heap   total 114688K, used 89287K [0x0000000080000000, 0x0000000100000000)
  region size 1024K, 23 young (23552K), 3 survivors (3072K)
 Metaspace       used 74845K, capacity 76563K, committed 76872K, reserved 1116160K
  class space    used 9667K, capacity 10323K, committed 10444K, reserved 1048576K
}
Event: 57.454 GC heap after
{Heap after GC invocations=70 (full 0):
 garbage-first heap   total 138240K, used 70528K [0x0000000080000000, 0x0000000100000000)
  region size 1024K, 2 young (2048K), 2 survivors (2048K)
 Metaspace       used 74845K, capacity 76563K, committed 76872K, reserved 1116160K
  class space    used 9667K, capacity 10323K, committed 10444K, reserved 1048576K
}
Event: 60.272 GC heap before
{Heap before GC invocations=70 (full 0):
 garbage-first heap   total 138240K, used 100224K [0x0000000080000000, 0x0000000100000000)
  region size 1024K, 31 young (31744K), 2 survivors (2048K)
 Metaspace       used 77134K, capacity 78935K, committed 79176K, reserved 1118208K
  class space    used 9979K, capacity 10673K, committed 10700K, reserved 1048576K
}
Event: 60.291 GC heap after
{Heap after GC invocations=71 (full 0):
 garbage-first heap   total 138240K, used 72249K [0x0000000080000000, 0x0000000100000000)
  region size 1024K, 4 young (4096K), 4 survivors (4096K)
 Metaspace       used 77134K, capacity 78935K, committed 79176K, reserved 1118208K
  class space    used 9979K, capacity 10673K, committed 10700K, reserved 1048576K
}
Event: 63.248 GC heap before
{Heap before GC invocations=72 (full 0):
 garbage-first heap   total 138240K, used 101945K [0x0000000080000000, 0x0000000100000000)
  region size 1024K, 33 young (33792K), 4 survivors (4096K)
 Metaspace       used 79815K, capacity 81649K, committed 81992K, reserved 1120256K
  class space    used 10391K, capacity 11077K, committed 11212K, reserved 1048576K
}
Event: 63.277 GC heap after
{Heap after GC invocations=73 (full 0):
 garbage-first heap   total 138240K, used 73791K [0x0000000080000000, 0x0000000100000000)
  region size 1024K, 4 young (4096K), 4 survivors (4096K)
 Metaspace       used 79815K, capacity 81649K, committed 81992K, reserved 1120256K
  class space    used 10391K, capacity 11077K, committed 11212K, reserved 1048576K
}
Event: 65.002 GC heap before
{Heap before GC invocations=73 (full 0):
 garbage-first heap   total 138240K, used 104511K [0x0000000080000000, 0x0000000100000000)
  region size 1024K, 34 young (34816K), 4 survivors (4096K)
 Metaspace       used 82987K, capacity 84939K, committed 85192K, reserved 1122304K
  class space    used 10746K, capacity 11482K, committed 11596K, reserved 1048576K
}
Event: 65.030 GC heap after
{Heap after GC invocations=74 (full 0):
 garbage-first heap   total 138240K, used 76011K [0x0000000080000000, 0x0000000100000000)
  region size 1024K, 4 young (4096K), 4 survivors (4096K)
 Metaspace       used 82987K, capacity 84939K, committed 85192K, reserved 1122304K
  class space    used 10746K, capacity 11482K, committed 11596K, reserved 1048576K
}
Event: 68.830 GC heap before
{Heap before GC invocations=75 (full 0):
 garbage-first heap   total 138240K, used 106731K [0x0000000080000000, 0x0000000100000000)
  region size 1024K, 34 young (34816K), 4 survivors (4096K)
 Metaspace       used 84869K, capacity 86888K, committed 86984K, reserved 1124352K
  class space    used 11050K, capacity 11766K, committed 11852K, reserved 1048576K
}
Event: 68.870 GC heap after
{Heap after GC invocations=76 (full 0):
 garbage-first heap   total 165888K, used 79499K [0x0000000080000000, 0x0000000100000000)
  region size 1024K, 5 young (5120K), 5 survivors (5120K)
 Metaspace       used 84869K, capacity 86888K, committed 86984K, reserved 1124352K
  class space    used 11050K, capacity 11766K, committed 11852K, reserved 1048576K
}
Event: 71.958 GC heap before
{Heap before GC invocations=76 (full 0):
 garbage-first heap   total 165888K, used 118411K [0x0000000080000000, 0x0000000100000000)
  region size 1024K, 44 young (45056K), 5 survivors (5120K)
 Metaspace       used 86135K, capacity 88259K, committed 88392K, reserved 1126400K
  class space    used 11184K, capacity 11952K, committed 11980K, reserved 1048576K
}
Event: 71.991 GC heap after
{Heap after GC invocations=77 (full 0):
 garbage-first heap   total 165888K, used 83304K [0x0000000080000000, 0x0000000100000000)
  region size 1024K, 6 young (6144K), 6 survivors (6144K)
 Metaspace       used 86135K, capacity 88259K, committed 88392K, reserved 1126400K
  class space    used 11184K, capacity 11952K, committed 11980K, reserved 1048576K
}
Event: 74.358 GC heap before
{Heap before GC invocations=78 (full 0):
 garbage-first heap   total 165888K, used 123240K [0x0000000080000000, 0x0000000100000000)
  region size 1024K, 46 young (47104K), 6 survivors (6144K)
 Metaspace       used 86313K, capacity 88343K, committed 88392K, reserved 1126400K
  class space    used 11186K, capacity 11955K, committed 11980K, reserved 1048576K
}

