# JRE version: OpenJDK Runtime Environment (11.0.11+9) (build 11.0.11+9-b60-7590822)
# Java VM: OpenJDK 64-Bit Server VM (11.0.11+9-b60-7590822, mixed mode, tiered, compressed oops, g1 gc, windows-amd64)
Heap:
 garbage-first heap   total 138240K, used 57623K [0x0000000080000000, 0x0000000100000000)
  region size 1024K, 6 young (6144K), 3 survivors (3072K)
 Metaspace       used 60028K, capacity 61459K, committed 61788K, reserved 1103872K
  class space    used 7602K, capacity 8115K, committed 8192K, reserved 1048576K
GC Heap History (20 events):
Event: 6.535 GC heap before
{Heap before GC invocations=9 (full 0):
 garbage-first heap   total 78848K, used 51292K [0x0000000080000000, 0x0000000100000000)
  region size 1024K, 35 young (35840K), 3 survivors (3072K)
 Metaspace       used 26941K, capacity 27539K, committed 27648K, reserved 1073152K
  class space    used 3544K, capacity 3769K, committed 3840K, reserved 1048576K
}
Event: 6.544 GC heap after
{Heap after GC invocations=10 (full 0):
 garbage-first heap   total 78848K, used 19843K [0x0000000080000000, 0x0000000100000000)
  region size 1024K, 3 young (3072K), 3 survivors (3072K)
 Metaspace       used 26941K, capacity 27539K, committed 27648K, reserved 1073152K
  class space    used 3544K, capacity 3769K, committed 3840K, reserved 1048576K
}
Event: 7.262 GC heap before
{Heap before GC invocations=10 (full 0):
 garbage-first heap   total 78848K, used 52611K [0x0000000080000000, 0x0000000100000000)
  region size 1024K, 35 young (35840K), 3 survivors (3072K)
 Metaspace       used 30977K, capacity 31695K, committed 31872K, reserved 1077248K
  class space    used 4151K, capacity 4432K, committed 4480K, reserved 1048576K
}
Event: 7.273 GC heap after
{Heap after GC invocations=11 (full 0):
 garbage-first heap   total 95232K, used 21242K [0x0000000080000000, 0x0000000100000000)
  region size 1024K, 4 young (4096K), 4 survivors (4096K)
 Metaspace       used 30977K, capacity 31695K, committed 31872K, reserved 1077248K
  class space    used 4151K, capacity 4432K, committed 4480K, reserved 1048576K
}
Event: 7.858 GC heap before
{Heap before GC invocations=11 (full 0):
 garbage-first heap   total 95232K, used 32506K [0x0000000080000000, 0x0000000100000000)
  region size 1024K, 16 young (16384K), 4 survivors (4096K)
 Metaspace       used 35094K, capacity 35922K, committed 36048K, reserved 1081344K
  class space    used 4559K, capacity 4863K, committed 4864K, reserved 1048576K
}
Event: 7.874 GC heap after
{Heap after GC invocations=12 (full 0):
 garbage-first heap   total 95232K, used 23535K [0x0000000080000000, 0x0000000100000000)
  region size 1024K, 5 young (5120K), 5 survivors (5120K)
 Metaspace       used 35094K, capacity 35922K, committed 36048K, reserved 1081344K
  class space    used 4559K, capacity 4863K, committed 4864K, reserved 1048576K
}
Event: 8.653 GC heap before
{Heap before GC invocations=13 (full 0):
 garbage-first heap   total 95232K, used 57327K [0x0000000080000000, 0x0000000100000000)
  region size 1024K, 39 young (39936K), 5 survivors (5120K)
 Metaspace       used 37706K, capacity 38598K, committed 38684K, reserved 1083392K
  class space    used 4874K, capacity 5197K, committed 5248K, reserved 1048576K
}
Event: 8.669 GC heap after
{Heap after GC invocations=14 (full 0):
 garbage-first heap   total 95232K, used 26579K [0x0000000080000000, 0x0000000100000000)
  region size 1024K, 5 young (5120K), 5 survivors (5120K)
 Metaspace       used 37706K, capacity 38598K, committed 38684K, reserved 1083392K
  class space    used 4874K, capacity 5197K, committed 5248K, reserved 1048576K
}
Event: 9.523 GC heap before
{Heap before GC invocations=14 (full 0):
 garbage-first heap   total 95232K, used 66515K [0x0000000080000000, 0x0000000100000000)
  region size 1024K, 41 young (41984K), 5 survivors (5120K)
 Metaspace       used 40581K, capacity 41488K, committed 41628K, reserved 1085440K
  class space    used 5199K, capacity 5539K, committed 5632K, reserved 1048576K
}
Event: 9.537 GC heap after
{Heap after GC invocations=15 (full 0):
 garbage-first heap   total 95232K, used 28977K [0x0000000080000000, 0x0000000100000000)
  region size 1024K, 6 young (6144K), 6 survivors (6144K)
 Metaspace       used 40581K, capacity 41488K, committed 41628K, reserved 1085440K
  class space    used 5199K, capacity 5539K, committed 5632K, reserved 1048576K
}
Event: 10.378 GC heap before
{Heap before GC invocations=15 (full 0):
 garbage-first heap   total 95232K, used 66865K [0x0000000080000000, 0x0000000100000000)
  region size 1024K, 42 young (43008K), 6 survivors (6144K)
 Metaspace       used 44277K, capacity 45335K, committed 45468K, reserved 1089536K
  class space    used 5654K, capacity 6023K, committed 6144K, reserved 1048576K
}
Event: 10.393 GC heap after
{Heap after GC invocations=16 (full 0):
 garbage-first heap   total 114688K, used 30535K [0x0000000080000000, 0x0000000100000000)
  region size 1024K, 5 young (5120K), 5 survivors (5120K)
 Metaspace       used 44277K, capacity 45335K, committed 45468K, reserved 1089536K
  class space    used 5654K, capacity 6023K, committed 6144K, reserved 1048576K
}
Event: 11.577 GC heap before
{Heap before GC invocations=16 (full 0):
 garbage-first heap   total 114688K, used 79687K [0x0000000080000000, 0x0000000100000000)
  region size 1024K, 53 young (54272K), 5 survivors (5120K)
 Metaspace       used 47571K, capacity 48711K, committed 49052K, reserved 1091584K
  class space    used 6084K, capacity 6533K, committed 6656K, reserved 1048576K
}
Event: 11.591 GC heap after
{Heap after GC invocations=17 (full 0):
 garbage-first heap   total 114688K, used 33101K [0x0000000080000000, 0x0000000100000000)
  region size 1024K, 4 young (4096K), 4 survivors (4096K)
 Metaspace       used 47571K, capacity 48711K, committed 49052K, reserved 1091584K
  class space    used 6084K, capacity 6533K, committed 6656K, reserved 1048576K
}
Event: 13.468 GC heap before
{Heap before GC invocations=17 (full 0):
 garbage-first heap   total 114688K, used 96589K [0x0000000080000000, 0x0000000100000000)
  region size 1024K, 58 young (59392K), 4 survivors (4096K)
 Metaspace       used 50621K, capacity 52002K, committed 52124K, reserved 1095680K
  class space    used 6427K, capacity 6908K, committed 6912K, reserved 1048576K
}
Event: 13.490 GC heap after
{Heap after GC invocations=18 (full 0):
 garbage-first heap   total 114688K, used 52072K [0x0000000080000000, 0x0000000100000000)
  region size 1024K, 8 young (8192K), 8 survivors (8192K)
 Metaspace       used 50621K, capacity 52002K, committed 52124K, reserved 1095680K
  class space    used 6427K, capacity 6908K, committed 6912K, reserved 1048576K
}
Event: 14.402 GC heap before
{Heap before GC invocations=18 (full 0):
 garbage-first heap   total 114688K, used 87912K [0x0000000080000000, 0x0000000100000000)
  region size 1024K, 43 young (44032K), 8 survivors (8192K)
 Metaspace       used 56109K, capacity 57470K, committed 57756K, reserved 1099776K
  class space    used 7099K, capacity 7620K, committed 7680K, reserved 1048576K
}
Event: 14.415 GC heap after
{Heap after GC invocations=19 (full 0):
 garbage-first heap   total 114688K, used 54947K [0x0000000080000000, 0x0000000100000000)
  region size 1024K, 2 young (2048K), 2 survivors (2048K)
 Metaspace       used 56109K, capacity 57470K, committed 57756K, reserved 1099776K
  class space    used 7099K, capacity 7620K, committed 7680K, reserved 1048576K
}
Event: 15.078 GC heap before
{Heap before GC invocations=19 (full 0):
 garbage-first heap   total 114688K, used 76451K [0x0000000080000000, 0x0000000100000000)
  region size 1024K, 24 young (24576K), 2 survivors (2048K)
 Metaspace       used 59104K, capacity 60560K, committed 60636K, reserved 1101824K
  class space    used 7510K, capacity 8050K, committed 8064K, reserved 1048576K
}
Event: 15.088 GC heap after
{Heap after GC invocations=20 (full 0):
 garbage-first heap   total 138240K, used 55575K [0x0000000080000000, 0x0000000100000000)
  region size 1024K, 3 young (3072K), 3 survivors (3072K)
 Metaspace       used 59104K, capacity 60560K, committed 60636K, reserved 1101824K
  class space    used 7510K, capacity 8050K, committed 8064K, reserved 1048576K
}

